1559268151643	mozrunner::runner	INFO	Running command: "C:\\Program Files\\Mozilla Firefox\\firefox.exe" "-marionette" "-foreground" "-no-remote" "-profile" "C:\\Users\\user\\AppData\\Local\\Temp\\rust_mozprofile.jXwvHtTLTR7Q"
1559268152502	addons.webextension.screenshots@mozilla.org	WARN	Loading extension 'screenshots@mozilla.org': Reading manifest: Invalid extension permission: mozillaAddons
1559268152502	addons.webextension.screenshots@mozilla.org	WARN	Loading extension 'screenshots@mozilla.org': Reading manifest: Invalid extension permission: resource://pdf.js/
1559268152503	addons.webextension.screenshots@mozilla.org	WARN	Loading extension 'screenshots@mozilla.org': Reading manifest: Invalid extension permission: about:reader*
1559268157562	Marionette	INFO	Listening on port 55820
1559268157792	Marionette	WARN	TLS certificate errors will be ignored for this session
console.error: BroadcastService: 
  receivedBroadcastMessage: handler for
  remote-settings/monitor_changes
  threw error:
  Message: Error: Polling for changes failed: http://%(server)s/dummy/blocklist//buckets/monitor/collections/changes/records?_expected=%221559260810623%22 is not a valid URL..
  Stack:
    remoteSettingsFunction/remoteSettings.pollChanges@resource://services-settings/remote-settings.js:203:13

[Parent 17468, Gecko_IOThread] WARNING: pipe error: 109: file z:/task_1558035249/build/src/ipc/chromium/src/chrome/common/ipc_channel_win.cc, line 341
[Parent 17468, Gecko_IOThread] WARNING: pipe error: 109: file z:/task_1558035249/build/src/ipc/chromium/src/chrome/common/ipc_channel_win.cc, line 341
[Child 19524, Chrome_ChildThread] WARNING: pipe error: 109: file z:/task_1558035249/build/src/ipc/chromium/src/chrome/common/ipc_channel_win.cc, line 341
[Child 19524, Chrome_ChildThread] WARNING: pipe error: 109: file z:/task_1558035249/build/src/ipc/chromium/src/ch[Child 15084, Chrome_ChildThread] WARNING: pipe error: 109: file z:/task_1558035249/build/src/ipc/chromium/src/chrome/common/ipc_channel_win.cc, line 341
[Child[Parent 17468, Gecko_IOThread] WARNING: pipe error: 109: file z:/task_1558035249/build/src/ipc/chromium/src/chrome/common/ipc_channel_win.cc, line 341
[Child 13292, Chrome_ChildThread] WARNING: pipe error: 109: file z:/task_1558035249/build/src/ipc/chromium/src/chrome/common/ipc_channel_win.cc, line 341
[Child 13292, Chrome_ChildThread] WARNING: pipe error: 109: file z:/task_1558035249/build/src/ipc/chromium/src/chrome/common/ipc_channel_win.cc, line 341
1559269393337	Marionette	INFO	Stopped listening on port 55820
task_1558035249/build/src/ipc/chromium/src/chrome/common/ipc_channel_win.cc, line 341
[Child 20008, Chrome_ChildThread] WARNING: pipe error: 109: file z:/task_1558035249/build/src/ipc/chromium/src/chrome/common/ipc_channel_win.cc, line 341
[Child 18628, Chrome_ChildThread] WARNING: pipe error: 109: file z:/task_1558035249/build/src/ipc/chromium/src/chrome/common/ipc_channel_win.cc, line 341
[Parent 19904, Gecko_IOThread] WARNING: pipe error: 109: file z:/task_1558035249/build/src/ipc/chromium/src/chrome/common/ipc_channel_win.cc, line 341
[Child 19936, Chrome_ChildThread] WARNING: pipe error: 109: file z:/task_1558035249/build/src/ipc/chromium/src/chrome/common/ipc_channel_win.cc, line 341
[Child 19936, Chrome_ChildThread] WARNING: pipe error: 109: file z:/task_1558035249/build/src/ipc/chromium/src/chrome/common/ipc_channel_win.cc, line 341
1559268595934	Marionette	INFO	Stopped listening on port 56870
1559268600388	mozrunner::runner	INFO	Running command: "C:\\Program Files\\Mozilla Firefox\\firefox.exe" "-marionette" "-foreground" "-no-remote" "-profile" "C:\\Users\\user\\AppData\\Local\\Temp\\rust_mozprofile.dTA2pUwopxk4"
1559268601101	addons.webextension.screenshots@mozilla.org	WARN	Loading extension 'screenshots@mozilla.org': Reading manifest: Invalid extension permission: mozillaAddons
1559268601102	addons.webextension.screenshots@mozilla.org	WARN	Loading extension 'screenshots@mozilla.org': Reading manifest: Invalid extension permission: resource://pdf.js/
1559268601102	addons.webextension.screenshots@mozilla.org	WARN	Loading extension 'screenshots@mozilla.org': Reading manifest: Invalid extension permission: about:reader*
1559268605545	Marionette	INFO	Listening on port 56980
1559268605922	Marionette	WARN	TLS certificate errors will be ignored for this session
1559268623105	Marionette	WARN	TimedPromise timed out after 500 ms: stacktrace:
bail@chrome://marionette/content/sync.js:223:64
console.error: BroadcastService: 
  receivedBroadcastMessage: handler for
  remote-settings/monitor_changes
  threw error:
  Message: Error: Polling for changes failed: http://%(server)s/dummy/blocklist//buckets/monitor/collections/changes/records?_expected=%221559260810623%22 is not a valid URL..
  Stack:
    remoteSettingsFunction/remoteSettings.pollChanges@resource://services-settings/remote-settings.js:203:13

[Parent 19520, Gecko_IOThread] WARNING: pipe error: 109: file z:/task_1558035249/build/src/ipc/chromium/src/chrome/common/ipc_channel_win.cc, line 341
[Child 20060, Chrome_ChildThread] WARNING: pipe error: 109: file z:/task_1558035249/build/src/ipc/chromium/src/chrome/common/ipc_channel_win.cc, line 341
[Child 20060, Chrome_ChildThread] WARNING: pipe error: 109: file z:/task_1558035249/buil[Parent 19520, Gecko_IOThread] WARNING: pipe error: 109: file z:/task_1558035249/build/src/ipc/chromium/src/chrome/common/ipc_channel_win.cc, line 341
[Child 12248, Chrome_ChildThread] WARNING: pipe error: 109: file z:/task_1558035249/build/src/ipc/chromium/src/chrome/common/ipc_channel_win.cc, line 341
1559269394338	Marionette	INFO	Stopped listening on port 56980
tte	INFO	Listening on port 54990
1559269077492	Marionette	WARN	TLS certificate errors will be ignored for this session
1559269100986	Marionette	WARN	TimedPromise timed out after 500 ms: stacktrace:
bail@chrome://marionette/content/sync.js:223:64
console.error: BroadcastService: 
  receivedBroadcastMessage: handler for
  remote-settings/monitor_changes
  threw error:
  Message: Error: Polling for changes failed: http://%(server)s/dummy/blocklist//buckets/monitor/collections/changes/records?_expected=%221559260810623%22 is not a valid URL..
  Stack:
    remoteSettingsFunction/remoteSettings.pollChanges@resource://services-settings/remote-settings.js:203:13

[Child 13348, Chrome_ChildThread] WARNING: pipe error: 109: file z:/task_1558035249/build/src/ipc/chromium/src/chrome/common/ipc_channel_win.cc, line 341
[Child 13348, Chrome_ChildThread] WARNING: pipe error: 109: file z:/task_1558035249/build/src/ipc/chromium/src/chrome/common/ipc_channel_win.cc, line 341
[Child 7124, Chrome_ChildThread] WARNING: pipe error: 109: file z:/task_1558035249/build/src/ipc/chromium/src/chrome/common/ipc_channel_win.cc, line 341
[Child 7124, Chrome_ChildThread] WARNING: pipe error: 109: file z:/task_1558035249/build/src/ipc/chromium/src/chrome/common/ipc_channel_win.cc, line 341
[Child 4264, Chrome_ChildThread] WARNING: pipe error: 109: file z:/task_1558035249/build/src/ipc/chromium/src/chrome/common/ipc_channel_win.cc, line 341
[Child 4264, Chrome_ChildThread] WARNING: pipe error: 109: file z:/task_1558035249/build/src/ipc/chromium/src/chrome/common/ipc_channel_win.cc, line 341
1559269395391	Marionette	INFO	Stopped listening on port 54990
ote-settings.js:203:13

[Child 18500, Chrome_ChildThread] WARNING: pipe error: 109: file z:/task_1558035249/build/src/ipc/chromium/src/chrome/common/ipc_ch[Child 10132, Chrome_ChildThread] WARNING: pipe error: 109: file z:/task_1558035249/build/src/ipc/annel_win.cc, line 341c
hromium/src/chrome/common/ipc_channel_win.cc, line 341[Child 18500, Chrome_ChildThread] WARNING: pipe error: 109: file z:/task_1558035249/build/src/ipc/chromium/src/chrome/common/ipc_channel_win.cc, line 341

[Child 10132, Chrome_ChildThread] WARNING: pipe error: 109: file z:[Child 18776, Chrome_ChildThread] WARNING: pipe error: 10[Parent 20836, Gecko_IOThread] WARNING: pipe error: 109: file z:/task_1558035249/build/src/ipc/chr1559269396081	Marionette	INFO	Stopped listening on port 55232
140, Chrome_ChildThread] WARNING: pipe error: 109: file z:/task_1558035249/build/src/ipc/chromium/src/chrome/common/ipc_channel_win.cc, line 341
[Child 21140, Chrome_Chil[Child 20936, Chrome_ChildThread] WARNING: pipe error: 109: file z:/task_1558035249/build/src/ipc/chromium/src/chrome/common/ipc_channel_win.cc, line 341
[Child 20936, Chrome_ChildThread] WARNING: pipe error: 109: file z:/task_1558035249/build/src/ipc/chromium/src/chrome/common/ipc_channel_win.cc, line 341
[Parent 20836, Gecko_IOThread] WARNING: pipe error: 109: file z:/task_1558035249/build/src/ipc/chromium/src/chrome/common/ipc_channel_win.cc, line 341
[Child 21396, Chrome_ChildThread] WARNING: pipe error: 109: file z:/task_1558035249/build/srconsole.error: BroadcastService: 
  receivedBroadcastMessage: handler for
  remote-settings/monitor_changes
  threw error:
  Message: Error: Polling for changes failed: http://%(server)s/dummy/blocklist//buckets/monitor/collections/changes/records?_expected=%221559260810623%22 is not a valid URL..
  Stack:
    remoteSettingsFunction/remoteSettings.pollChanges@resource://services-settings/remote-settings.js:203:13

JavaScript error: https://ss1.bdstatic.com/5eN1bjq8AAUYm2zgoY3K/r/www/cache/static/protocol/https/jquery/jquery-1.10.2.min_65682a2.js, line 52: Error: Syntax error, unrecognized expression: .c-container /deep/ .c-container
JavaScript error: https://ss1.bdstatic.com/5eN1bjq8AAUYm2zgoY3K/r/www/cache/static/protocol/https/jquery/jquery-1.10.2.min_65682a2.js, line 52: Error: Syntax error, unrecognized expression: .c-container /deep/ .c-container
[Parent 20748, Gecko_IOThread] WARNING: pipe error: 109: file z:/task_1558035249/build/src/ipc/chromium/src/chrome/common/ipc_channel_win.cc, line 341
[Child 22180, Chrome_ChildThread] WARNING: pipe error: 109: file z:/task_1558035249/build/src/ipc/chromium/src/chrome/common/ipc_channel_win.cc, line 341
[Child 22180, Chrome_ChildThread] WARNING: pipe error: 109: file z:/task_1558035249/build/src/ipc/chromium/src/chrome/common/ipc_channel_win.cc, line 341

###!!! [Child][MessageChannel] Error: (msgtype=0x530005,name=PHttpChannel::Msg_Cancel) Closed channel: cannot send/recv

[Child 20620, Chrome_ChildThread] WARNING: pipe error: 109: file z:/task_1558035249/build/src/ipc/chromium/src/chrome/common/ipc_channel_win.cc, line 341
[Child 20620, Chrome_ChildThread] WARNING: pipe error: 109: file z:/tas[Child 16224, Chrome_ChildThread] WARNING: pipe error: 109: file z:/task_1558035249/build/src/ipc/chromium/src/chrome/common/ipc_channel_win.cc, line 341
[Child 16224, Chrome_ChildThread] WARNING: pipe error: 109: file z:/task_1558035249/bJavaScript warning: https://pos.baidu.com/wcim?conwid=250&conhei=250&rdid=1997633&dc=3&exps=110011&psi=7bdc7a8c0aed24bab62fc8aa7f46342f&di=u1997633&dri=0&dis=0&dai=1&ps=0x0&coa=wn%3D2%26hn%3D8&enu=encoding&dcb=___adblockplus&dtm=HTML_POST&dvi=0.0&dci=-1&dpt=none&tsr=0&tpr=1559281650814&ti=%E9%99%88%E5%B0%8F%E7%BA%AD_%E7%99%BE%E5%BA%A6%E7%99%BE%E7%A7%91&ari=2&dbv=0&drs=3&pcs=1903x950&pss=1903x4833&cfv=0&cpl=0&chi=1&cce=true&cec=UTF-8&tlm=1559281650&prot=2&rw=950&ltu=https%3A%2F%2Fbaike.baidu.com%2Fitem%2F%25E9%2599%2588%25E5%25B0%258F%25E7%25BA%25AD%2F19921976%3Ffr%3Daladdin&ltr=https%3A%2F%2Fwww.baidu.com%2Flink%3Furl%3DeVo7-kJw3Cu7SqJBLlSPr8XY0KKrXg8iJZEA0r6yicmN6zaUaLyzHBswALwsOeQ2saN-gDTMEKwMJOmUpAd7i8b_CpLpGcBIGWZLyRrC6F52t_dVUfWaB7znJAGxRAMB%26wd%3D%26eqid%3D858fa6f600014a98000000065cf0bff8&ecd=1&uc=1920x1046&pis=-1x-1&sr=1920x1080&tcn=1559281651&qn=775f6cbcdc060d21&tt=1559281650793.27.138.140, line 135: unreachable code after return statement
JavaScript warning: https://pos.baidu.com/wcim?conwid=250&conhei=250&rdid=1997633&dc=3&exps=110011&psi=7bdc7a8c0aed24bab62fc8aa7f46342f&di=u1997633&dri=0&dis=0&dai=1&ps=0x0&coa=wn%3D2%26hn%3D8&enu=encoding&dcb=___adblockplus&dtm=HTML_POST&dvi=0.0&dci=-1&dpt=none&tsr=0&tpr=1559281650814&ti=%E9%99%88%E5%B0%8F%E7%BA%AD_%E7%99%BE%E5%BA%A6%E7%99%BE%E7%A7%91&ari=2&dbv=0&drs=3&pcs=1903x950&pss=1903x4833&cfv=0&cpl=0&chi=1&cce=true&cec=UTF-8&tlm=1559281650&prot=2&rw=950&ltu=https%3A%2F%2Fbaike.baidu.com%2Fitem%2F%25E9%2599%2588%25E5%25B0%258F%25E7%25BA%25AD%2F19921976%3Ffr%3Daladdin&ltr=https%3A%2F%2Fwww.baidu.com%2Flink%3Furl%3DeVo7-kJw3Cu7SqJBLlSPr8XY0KKrXg8iJZEA0r6yicmN6zaUaLyzHBswALwsOeQ2saN-gDTMEKwMJOmUpAd7i8b_CpLpGcBIGWZLyRrC6F52t_dVUfWaB7znJAGxRAMB%26wd%3D%26eqid%3D858fa6f600014a98000000065cf0bff8&ecd=1&uc=1920x1046&pis=-1x-1&sr=1920x1080&tcn=1559281651&qn=775f6cbcdc060d21&tt=1559281650793.27.138.140, line 135: unreachable code after return statement
[Parent 20748, Gecko_IOThread] WARNING: file z:/task_1558035249/build/src/ipc/chromium/src/chrome/common/ipc_channel_win.cc, line 307
[Parent 20748, Gecko_IOThread] WARNING: file z:/task_1558035249/build/src/ipc/chromium/src/chrome/common/ipc_channel_win.cc, line 307
JavaScript error: , line 0: NotAllowedError: The play method is not allowed by the user agent or the platform in the current context, possibly because the user denied permission.
JavaScript warning: https://pos.baidu.com/ccnm?conwid=250&conhei=250&rdid=1997633&dc=3&exps=110011&psi=1941b8481fd686eca19548276774d87a&di=u1997633&dri=0&dis=0&dai=1&ps=0x0&coa=wn%3D2%26hn%3D8&enu=encoding&dcb=___adblockplus&dtm=HTML_POST&dvi=0.0&dci=-1&dpt=none&tsr=0&tpr=1559281713089&ti=%E4%BA%8E%E5%B0%8F%E5%BD%A4_%E7%99%BE%E5%BA%A6%E7%99%BE%E7%A7%91&ari=2&dbv=0&drs=3&pcs=1903x950&pss=1903x9323&cfv=0&cpl=0&chi=1&cce=true&cec=UTF-8&tlm=1559281713&prot=2&rw=950&ltu=https%3A%2F%2Fbaike.baidu.com%2Fitem%2F%25E4%25BA%258E%25E5%25B0%258F%25E5%25BD%25A4%2F3423360%3Ffr%3Daladdin&ltr=https%3A%2F%2Fwww.baidu.com%2Flink%3Furl%3DbxuVH8FXlACtwkq4ixJWOANeUnsfRdrom18OsCVPyO4xdu4mtbxQ-ELGoFAtWSYCLZtx3n-IumEgJUzvH8L6_sVMk8ZZ1IzpyuAi9-uyOH_9_ZC9R6lu20-OJbrrKcXY%26wd%3D%26eqid%3Dacb72ef20003e0b7000000055cf0c039&ecd=1&uc=1920x1046&pis=-1x-1&sr=1920x1080&tcn=1559281713&qn=775f6cbcdc060d21&tt=1559281713067.27.28.29, line 135: unreachable code after return statement
JavaScript warning: https://pos.baidu.com/ccnm?conwid=250&conhei=250&rdid=1997633&dc=3&exps=110011&psi=1941b8481fd686eca19548276774d87a&di=u1997633&dri=0&dis=0&dai=1&ps=0x0&coa=wn%3D2%26hn%3D8&enu=encoding&dcb=___adblockplus&dtm=HTML_POST&dvi=0.0&dci=-1&dpt=none&tsr=0&tpr=1559281713089&ti=%E4%BA%8E%E5%B0%8F%E5%BD%A4_%E7%99%BE%E5%BA%A6%E7%99%BE%E7%A7%91&ari=2&dbv=0&drs=3&pcs=1903x950&pss=1903x9323&cfv=0&cpl=0&chi=1&cce=true&cec=UTF-8&tlm=1559281713&prot=2&rw=950&ltu=https%3A%2F%2Fbaike.baidu.com%2Fitem%2F%25E4%25BA%258E%25E5%25B0%258F%25E5%25BD%25A4%2F3423360%3Ffr%3Daladdin&ltr=https%3A%2F%2Fwww.baidu.com%2Flink%3Furl%3DbxuVH8FXlACtwkq4ixJWOANeUnsfRdrom18OsCVPyO4xdu4mtbxQ-ELGoFAtWSYCLZtx3n-IumEgJUzvH8L6_sVMk8ZZ1IzpyuAi9-uyOH_9_ZC9R6lu20-OJbrrKcXY%26wd%3D%26eqid%3Dacb72ef20003e0b7000000055cf0c039&ecd=1&uc=1920x1046&pis=-1x-1&sr=1920x1080&tcn=1559281713&qn=775f6cbcdc060d21&tt=1559281713067.27.28.29, line 135: unreachable code after return statement
JavaScript error: https://cpro.baidustatic.com/cpro/ui/noexpire/js/3.1.6/cpro.js, line 1: TypeError: A is undefined
JavaScript error: https://gss0.baidu.com/9rA4cT8aBw9FktbgoI7O1ygwehsv/static/api/js/trans/logger.js?v=d16ec0e3.js, line 1: TypeError: n.ajax.request is not a function
[Parent 20748, Gecko_IOThread] WARNING: pipe error: 109: file z:/task_1558035249/build/src/ipc/chromium/src/chrome/common/ipc_channel_win.cc, line 341
JavaScript error: resource://gre/modules/WebProgressChild.jsm, line 61: TypeError: this.mm.content is null
JavaScript error: resource://gre/modules/WebProgressChild.jsm, line 61: TypeError: this.mm.content is null
JavaScript error: https://gss0.baidu.com/9rA4cT8aBw9FktbgoI7O1ygwehsv/static/api/js/trans/logger.js?v=d16ec0e3.js, line 1: TypeError: n.ajax.request is not a function
JavaScript error: resource://gre/modules/WebProgressChild.jsm, line 61: TypeError: this.mm.content is null
JavaScript warning: https://pos.baidu.com/ocam?conwid=250&conhei=250&rdid=1997633&dc=3&exps=110011&psi=f45e4b5e8376b2642a9b93162d5e592a&di=u1997633&dri=0&dis=0&dai=1&ps=0x0&coa=wn%3D2%26hn%3D8&enu=encoding&dcb=___adblockplus&dtm=HTML_POST&dvi=0.0&dci=-1&dpt=none&tsr=0&tpr=1559281746579&ti=%E9%99%88%E5%B0%8F%E7%BA%AD_%E7%99%BE%E5%BA%A6%E7%99%BE%E7%A7%91&ari=2&dbv=0&drs=3&pcs=1903x950&pss=1903x4833&cfv=0&cpl=0&chi=1&cce=true&cec=UTF-8&tlm=1559281746&prot=2&rw=950&ltu=https%3A%2F%2Fbaike.baidu.com%2Fitem%2F%25E9%2599%2588%25E5%25B0%258F%25E7%25BA%25AD%2F19921976%3Ffr%3Daladdin&ltr=https%3A%2F%2Fwww.baidu.com%2Flink%3Furl%3DeVo7-kJw3Cu7SqJBLlSPr8XY0KKrXg8iJZEA0r6yicmN6zaUaLyzHBswALwsOeQ2saN-gDTMEKwMJOmUpAd7i8b_CpLpGcBIGWZLyRrC6F52t_dVUfWaB7znJAGxRAMB%26wd%3D%26eqid%3D858fa6f600014a98000000065cf0bff8&ecd=1&uc=1920x1046&pis=-1x-1&sr=1920x1080&tcn=1559281747&qn=775f6cbcdc060d21&tt=1559281746559.27.27.29, line 135: unreachable code after return statement
JavaScript warning: https://pos.baidu.com/ocam?conwid=250&conhei=250&rdid=1997633&dc=3&exps=110011&psi=f45e4b5e8376b2642a9b93162d5e592a&di=u1997633&dri=0&dis=0&dai=1&ps=0x0&coa=wn%3D2%26hn%3D8&enu=encoding&dcb=___adblockplus&dtm=HTML_POST&dvi=0.0&dci=-1&dpt=none&tsr=0&tpr=1559281746579&ti=%E9%99%88%E5%B0%8F%E7%BA%AD_%E7%99%BE%E5%BA%A6%E7%99%BE%E7%A7%91&ari=2&dbv=0&drs=3&pcs=1903x950&pss=1903x4833&cfv=0&cpl=0&chi=1&cce=true&cec=UTF-8&tlm=1559281746&prot=2&rw=950&ltu=https%3A%2F%2Fbaike.baidu.com%2Fitem%2F%25E9%2599%2588%25E5%25B0%258F%25E7%25BA%25AD%2F19921976%3Ffr%3Daladdin&ltr=https%3A%2F%2Fwww.baidu.com%2Flink%3Furl%3DeVo7-kJw3Cu7SqJBLlSPr8XY0KKrXg8iJZEA0r6yicmN6zaUaLyzHBswALwsOeQ2saN-gDTMEKwMJOmUpAd7i8b_CpLpGcBIGWZLyRrC6F52t_dVUfWaB7znJAGxRAMB%26wd%3D%26eqid%3D858fa6f600014a98000000065cf0bff8&ecd=1&uc=1920x1046&pis=-1x-1&sr=1920x1080&tcn=1559281747&qn=775f6cbcdc060d21&tt=1559281746559.27.27.29, line 135: unreachable code after return statement
JavaScript error: https://gss0.baidu.com/9rA4cT8aBw9FktbgoI7O1ygwehsv/static/api/js/trans/logger.js?v=d16ec0e3.js, line 1: TypeError: n.ajax.request is not a function
JavaScript error: resource://gre/modules/WebProgressChild.jsm, line 61: TypeError: this.mm.content is null
[Parent 20748, Gecko_IOThread] WARNING: pipe error: 109: file z:/task_1558035249/build/src/ipc/chromium/src/chrome/common/ipc_channel_win.cc, line 341
[Child 6856, Chrome_ChildThread] WARNING: pipe error: 109: file z:/task_1558035249/build/src/ipc/chromium/src/chrome/common/ipc_channel_win.cc, line 341
[Child 6856, Chrome_ChildThread] WARNING: pipe error: 109: file z:/task_1558035249/build/src/ipc/chromium/sr[Parent 20748, Gecko_IOThread] WARNING: pipe error: 109: file z:/task_1558035249/build/src/ipc/chromium/src/chrome/common/ipc_channel_win.cc, line 341
[Child 22292, Chrome_ChildThread] WARNING: pipe error: 109: file z:/task_1558035249/build/src/ipc/chromium/src/chrome/common/ipc_channel_win.cc, line 341
[Child 22292, Chrome_ChildThread] WARNING: pipe error: 109: file z:/task_15[Child 22392, Chrome_ChildThread] WARNING: pipe error: 109: file z:/task_1558035249/build/src/ipc/chromium/src/chrome/common/ipc_channel_win.cc, line 341
[Child 22392, Chrome_ChildThread] WARNING: pipe error: 109: file z:/task_1558035249/build/src/ipc/chromium/src/chrome/common/ipc_channel_win.cc, line 341
[Child 17596, Chrome_ChildThread] WARNING: pipe error: 109: file z:/task_1558035249/build/src/ipc/chromium/src/chrome/common/ipc_channel_win.cc, line 341
[Child 17596, Chrome_ChildThread] WARNING: pipe error: 109: file z:/task_1558035249/build/src/ipc/chromium/src/chrome/common/ipc_channel_win.cc, line 341
1559282709505	Marionette	INFO	Stopped listening on port 55666
